<?xml version="1.0" encoding="UTF-8"?>
<!-- Generated by org.testng.reporters.JUnitReportReporter -->
<testsuite hostname="DESKTOP-FR5L3IP" failures="0" tests="1" name="api.test.GoRightsFunctionalTests" time="1.298" errors="0" timestamp="2023-08-15T17:08:30 IST" skipped="0">
  <testcase classname="api.test.GoRightsFunctionalTests" name="test_001_get_search_single_param" time="1.298"/>
  <system-out/>
</testsuite> <!-- api.test.GoRightsFunctionalTests -->
