<?xml version="1.0" encoding="UTF-8"?>
<!-- Generated by org.testng.reporters.JUnitReportReporter -->
<testsuite hostname="DESKTOP-FR5L3IP" failures="0" tests="10" name="api.test.PerfTests" time="18.836" errors="0" timestamp="2023-08-09T20:22:26 IST" skipped="0">
  <testcase classname="api.test.PerfTests" name="test_004_performance_test" time="1.883"/>
  <system-out/>
  <testcase classname="api.test.PerfTests" name="test_004_performance_test" time="1.883"/>
  <system-out/>
  <testcase classname="api.test.PerfTests" name="test_004_performance_test" time="1.883"/>
  <system-out/>
  <testcase classname="api.test.PerfTests" name="test_004_performance_test" time="1.884"/>
  <system-out/>
  <testcase classname="api.test.PerfTests" name="test_004_performance_test" time="1.885"/>
  <system-out/>
  <testcase classname="api.test.PerfTests" name="test_004_performance_test" time="1.883"/>
  <system-out/>
  <testcase classname="api.test.PerfTests" name="test_004_performance_test" time="1.884"/>
  <system-out/>
  <testcase classname="api.test.PerfTests" name="test_004_performance_test" time="1.884"/>
  <system-out/>
  <testcase classname="api.test.PerfTests" name="test_004_performance_test" time="1.884"/>
  <system-out/>
  <testcase classname="api.test.PerfTests" name="test_004_performance_test" time="1.883"/>
  <system-out/>
</testsuite> <!-- api.test.PerfTests -->
