<?xml version="1.0" encoding="UTF-8"?>
<!-- Generated by org.testng.reporters.JUnitReportReporter -->
<testsuite hostname="DESKTOP-FR5L3IP" failures="0" tests="10" name="api.test.PerfTests" time="19.952" errors="0" timestamp="2023-08-09T14:15:16 IST" skipped="0">
  <testcase classname="api.test.PerfTests" name="test_004_performance_test" time="1.996"/>
  <system-out/>
  <testcase classname="api.test.PerfTests" name="test_004_performance_test" time="1.994"/>
  <system-out/>
  <testcase classname="api.test.PerfTests" name="test_004_performance_test" time="1.996"/>
  <system-out/>
  <testcase classname="api.test.PerfTests" name="test_004_performance_test" time="1.995"/>
  <system-out/>
  <testcase classname="api.test.PerfTests" name="test_004_performance_test" time="1.995"/>
  <system-out/>
  <testcase classname="api.test.PerfTests" name="test_004_performance_test" time="1.995"/>
  <system-out/>
  <testcase classname="api.test.PerfTests" name="test_004_performance_test" time="1.995"/>
  <system-out/>
  <testcase classname="api.test.PerfTests" name="test_004_performance_test" time="1.993"/>
  <system-out/>
  <testcase classname="api.test.PerfTests" name="test_004_performance_test" time="1.997"/>
  <system-out/>
  <testcase classname="api.test.PerfTests" name="test_004_performance_test" time="1.996"/>
  <system-out/>
</testsuite> <!-- api.test.PerfTests -->
